<?xml version="1.0" encoding="UTF-8" ?>
<testsuite tests="11" failures="0" name="cucumberTest.CucumberRunnerTest" time="7.698" errors="0" skipped="0">
  <properties>
[...]
</properties>
  <testcase classname="Merchant scenarios" name="Adding a non-existing merchant with a bank account" time="2.111"/>
  <testcase classname="Merchant scenarios" name="Adding a non-existing merchant without bank account" time="0.33"/>
  <testcase classname="Merchant scenarios" name="Adding an existing merchant" time="1.445"/>
  <testcase classname="Merchant scenarios" name="Doing a transaction with an invalid barcode" time="0.533"/>
  <testcase classname="Merchant scenarios" name="Doing a transaction with a valid barcode" time="0.754"/>
  <testcase classname="Merchant scenarios" name="Doing a transaction with insufficient balance" time="0.899"/>
  <testcase classname="Mobile scenarios" name="Creating a new customer with a bank account" time="0.348"/>
  <testcase classname="Mobile scenarios" name="Creating a new customer without a bank account" time="0.345"/>
  <testcase classname="Mobile scenarios" name="Creating an existing customer" time="0.468"/>
  <testcase classname="Mobile scenarios" name="Getting a barcode with a valid CPR" time="0.202"/>
  <testcase classname="Mobile scenarios" name="Getting a barcode with an invalid CPR" time="0.263"/>
</testsuite>